  Determining projects to restore...
  All projects are up-to-date for restore.
  QLDSV_HTC.Domain -> D:\0 Project\db-qlsv-theohetinchi\QLDSV_HQT_DBMS\src\QLDSV_HTC.Domain\bin\Debug\net10.0\QLDSV_HTC.Domain.dll
  QLDSV_HTC.Application -> D:\0 Project\db-qlsv-theohetinchi\QLDSV_HQT_DBMS\src\QLDSV_HTC.Application\bin\Debug\net10.0\QLDSV_HTC.Application.dll
  QLDSV_HTC.Infrastructure -> D:\0 Project\db-qlsv-theohetinchi\QLDSV_HQT_DBMS\src\QLDSV_HTC.Infrastructure\bin\Debug\net10.0\QLDSV_HTC.Infrastructure.dll
CSC : warning DX1001: For evaluation purposes only. Redistribution prohibited. If you own a licensed/registered version or if you are using a 30-day trial version of DevExpress product libraries on a development machine, download your personal license key (devexpress.com/DX1001) and place DevExpress_License.txt in the following folder: "%AppData%\DevExpress" (Windows) or "$HOME/Library/Application Support/DevExpress" (macOS) or "$HOME/.config/DevExpress" (Linux). Alternatively, download and run the DevExpress Unified Component Installer to automatically activate your license. (devexpress.com/DX1001) [D:\0 Project\db-qlsv-theohetinchi\QLDSV_HQT_DBMS\src\QLDSV_HTC.Web\QLDSV_HTC.Web.csproj]
CSC : warning DX1000: For evaluation purposes only. Redistribution prohibited. Please purchase a license to continue use of the following DevExpress product libraries: DevExpress.XtraReports*/DevExpress.*Reporting - Included in Subscriptions: Universal, DXperience, ASP.NET, Reporting (devexpress.com/DX1000) [D:\0 Project\db-qlsv-theohetinchi\QLDSV_HQT_DBMS\src\QLDSV_HTC.Web\QLDSV_HTC.Web.csproj]
D:\0 Project\db-qlsv-theohetinchi\QLDSV_HQT_DBMS\src\QLDSV_HTC.Web\Views\Subject\_SubjectTable.cshtml(14,81): error CS1061: 'SubjectManagementViewModel' does not contain a definition for 'SearchTerm' and no accessible extension method 'SearchTerm' accepting a first argument of type 'SubjectManagementViewModel' could be found (are you missing a using directive or an assembly reference?) [D:\0 Project\db-qlsv-theohetinchi\QLDSV_HQT_DBMS\src\QLDSV_HTC.Web\QLDSV_HTC.Web.csproj]
D:\0 Project\db-qlsv-theohetinchi\QLDSV_HQT_DBMS\src\QLDSV_HTC.Web\Views\Shared\_CardTableWrapper.cshtml(14,35): warning CS8625: Cannot convert null literal to non-nullable reference type. [D:\0 Project\db-qlsv-theohetinchi\QLDSV_HQT_DBMS\src\QLDSV_HTC.Web\QLDSV_HTC.Web.csproj]
D:\0 Project\db-qlsv-theohetinchi\QLDSV_HQT_DBMS\src\QLDSV_HTC.Web\Views\Shared\_CardTableWrapper.cshtml(24,40): warning CS8625: Cannot convert null literal to non-nullable reference type. [D:\0 Project\db-qlsv-theohetinchi\QLDSV_HQT_DBMS\src\QLDSV_HTC.Web\QLDSV_HTC.Web.csproj]
D:\0 Project\db-qlsv-theohetinchi\QLDSV_HQT_DBMS\src\QLDSV_HTC.Web\Views\Shared\_CardTableWrapper.cshtml(30,40): warning CS8625: Cannot convert null literal to non-nullable reference type. [D:\0 Project\db-qlsv-theohetinchi\QLDSV_HQT_DBMS\src\QLDSV_HTC.Web\QLDSV_HTC.Web.csproj]
D:\0 Project\db-qlsv-theohetinchi\QLDSV_HQT_DBMS\src\QLDSV_HTC.Web\Views\Shared\_CardTableWrapper.cshtml(40,34): warning CS8625: Cannot convert null literal to non-nullable reference type. [D:\0 Project\db-qlsv-theohetinchi\QLDSV_HQT_DBMS\src\QLDSV_HTC.Web\QLDSV_HTC.Web.csproj]
D:\0 Project\db-qlsv-theohetinchi\QLDSV_HQT_DBMS\src\QLDSV_HTC.Web\Views\Shared\_FormModalWrapper.cshtml(23,49): warning CS8625: Cannot convert null literal to non-nullable reference type. [D:\0 Project\db-qlsv-theohetinchi\QLDSV_HQT_DBMS\src\QLDSV_HTC.Web\QLDSV_HTC.Web.csproj]
D:\0 Project\db-qlsv-theohetinchi\QLDSV_HQT_DBMS\src\QLDSV_HTC.Web\Views\Shared\_FormModalWrapper.cshtml(37,47): warning CS8625: Cannot convert null literal to non-nullable reference type. [D:\0 Project\db-qlsv-theohetinchi\QLDSV_HQT_DBMS\src\QLDSV_HTC.Web\QLDSV_HTC.Web.csproj]
D:\0 Project\db-qlsv-theohetinchi\QLDSV_HQT_DBMS\src\QLDSV_HTC.Web\Views\Shared\_FormModalWrapper.cshtml(49,44): warning CS8625: Cannot convert null literal to non-nullable reference type. [D:\0 Project\db-qlsv-theohetinchi\QLDSV_HQT_DBMS\src\QLDSV_HTC.Web\QLDSV_HTC.Web.csproj]
D:\0 Project\db-qlsv-theohetinchi\QLDSV_HQT_DBMS\src\QLDSV_HTC.Web\Views\Shared\_FormModalWrapper.cshtml(58,49): warning CS8625: Cannot convert null literal to non-nullable reference type. [D:\0 Project\db-qlsv-theohetinchi\QLDSV_HQT_DBMS\src\QLDSV_HTC.Web\QLDSV_HTC.Web.csproj]
D:\0 Project\db-qlsv-theohetinchi\QLDSV_HQT_DBMS\src\QLDSV_HTC.Web\Models\SubjectViewModel.cs(22,20): warning S6964: Value type property used as input in a controller action should be nullable, required or annotated with the JsonRequiredAttribute to avoid under-posting. (https://rules.sonarsource.com/csharp/RSPEC-6964) [D:\0 Project\db-qlsv-theohetinchi\QLDSV_HQT_DBMS\src\QLDSV_HTC.Web\QLDSV_HTC.Web.csproj]
D:\0 Project\db-qlsv-theohetinchi\QLDSV_HQT_DBMS\src\QLDSV_HTC.Web\Models\SubjectViewModel.cs(23,20): warning S6964: Value type property used as input in a controller action should be nullable, required or annotated with the JsonRequiredAttribute to avoid under-posting. (https://rules.sonarsource.com/csharp/RSPEC-6964) [D:\0 Project\db-qlsv-theohetinchi\QLDSV_HQT_DBMS\src\QLDSV_HTC.Web\QLDSV_HTC.Web.csproj]
D:\0 Project\db-qlsv-theohetinchi\QLDSV_HQT_DBMS\src\QLDSV_HTC.Web\Models\StudentViewModel.cs(30,21): warning S6964: Value type property used as input in a controller action should be nullable, required or annotated with the JsonRequiredAttribute to avoid under-posting. (https://rules.sonarsource.com/csharp/RSPEC-6964) [D:\0 Project\db-qlsv-theohetinchi\QLDSV_HQT_DBMS\src\QLDSV_HTC.Web\QLDSV_HTC.Web.csproj]
D:\0 Project\db-qlsv-theohetinchi\QLDSV_HQT_DBMS\src\QLDSV_HTC.Web\Models\StudentViewModel.cs(34,21): warning S6964: Value type property used as input in a controller action should be nullable, required or annotated with the JsonRequiredAttribute to avoid under-posting. (https://rules.sonarsource.com/csharp/RSPEC-6964) [D:\0 Project\db-qlsv-theohetinchi\QLDSV_HQT_DBMS\src\QLDSV_HTC.Web\QLDSV_HTC.Web.csproj]
D:\0 Project\db-qlsv-theohetinchi\QLDSV_HQT_DBMS\src\QLDSV_HTC.Web\Views\Class\_ClassFormModal.cshtml(5,9): warning S1481: Remove the unused local variable 'isPGV'. (https://rules.sonarsource.com/csharp/RSPEC-1481) [D:\0 Project\db-qlsv-theohetinchi\QLDSV_HQT_DBMS\src\QLDSV_HTC.Web\QLDSV_HTC.Web.csproj]

Build FAILED.

CSC : warning DX1001: For evaluation purposes only. Redistribution prohibited. If you own a licensed/registered version or if you are using a 30-day trial version of DevExpress product libraries on a development machine, download your personal license key (devexpress.com/DX1001) and place DevExpress_License.txt in the following folder: "%AppData%\DevExpress" (Windows) or "$HOME/Library/Application Support/DevExpress" (macOS) or "$HOME/.config/DevExpress" (Linux). Alternatively, download and run the DevExpress Unified Component Installer to automatically activate your license. (devexpress.com/DX1001) [D:\0 Project\db-qlsv-theohetinchi\QLDSV_HQT_DBMS\src\QLDSV_HTC.Web\QLDSV_HTC.Web.csproj]
CSC : warning DX1000: For evaluation purposes only. Redistribution prohibited. Please purchase a license to continue use of the following DevExpress product libraries: DevExpress.XtraReports*/DevExpress.*Reporting - Included in Subscriptions: Universal, DXperience, ASP.NET, Reporting (devexpress.com/DX1000) [D:\0 Project\db-qlsv-theohetinchi\QLDSV_HQT_DBMS\src\QLDSV_HTC.Web\QLDSV_HTC.Web.csproj]
D:\0 Project\db-qlsv-theohetinchi\QLDSV_HQT_DBMS\src\QLDSV_HTC.Web\Views\Shared\_CardTableWrapper.cshtml(14,35): warning CS8625: Cannot convert null literal to non-nullable reference type. [D:\0 Project\db-qlsv-theohetinchi\QLDSV_HQT_DBMS\src\QLDSV_HTC.Web\QLDSV_HTC.Web.csproj]
D:\0 Project\db-qlsv-theohetinchi\QLDSV_HQT_DBMS\src\QLDSV_HTC.Web\Views\Shared\_CardTableWrapper.cshtml(24,40): warning CS8625: Cannot convert null literal to non-nullable reference type. [D:\0 Project\db-qlsv-theohetinchi\QLDSV_HQT_DBMS\src\QLDSV_HTC.Web\QLDSV_HTC.Web.csproj]
D:\0 Project\db-qlsv-theohetinchi\QLDSV_HQT_DBMS\src\QLDSV_HTC.Web\Views\Shared\_CardTableWrapper.cshtml(30,40): warning CS8625: Cannot convert null literal to non-nullable reference type. [D:\0 Project\db-qlsv-theohetinchi\QLDSV_HQT_DBMS\src\QLDSV_HTC.Web\QLDSV_HTC.Web.csproj]
D:\0 Project\db-qlsv-theohetinchi\QLDSV_HQT_DBMS\src\QLDSV_HTC.Web\Views\Shared\_CardTableWrapper.cshtml(40,34): warning CS8625: Cannot convert null literal to non-nullable reference type. [D:\0 Project\db-qlsv-theohetinchi\QLDSV_HQT_DBMS\src\QLDSV_HTC.Web\QLDSV_HTC.Web.csproj]
D:\0 Project\db-qlsv-theohetinchi\QLDSV_HQT_DBMS\src\QLDSV_HTC.Web\Views\Shared\_FormModalWrapper.cshtml(23,49): warning CS8625: Cannot convert null literal to non-nullable reference type. [D:\0 Project\db-qlsv-theohetinchi\QLDSV_HQT_DBMS\src\QLDSV_HTC.Web\QLDSV_HTC.Web.csproj]
D:\0 Project\db-qlsv-theohetinchi\QLDSV_HQT_DBMS\src\QLDSV_HTC.Web\Views\Shared\_FormModalWrapper.cshtml(37,47): warning CS8625: Cannot convert null literal to non-nullable reference type. [D:\0 Project\db-qlsv-theohetinchi\QLDSV_HQT_DBMS\src\QLDSV_HTC.Web\QLDSV_HTC.Web.csproj]
D:\0 Project\db-qlsv-theohetinchi\QLDSV_HQT_DBMS\src\QLDSV_HTC.Web\Views\Shared\_FormModalWrapper.cshtml(49,44): warning CS8625: Cannot convert null literal to non-nullable reference type. [D:\0 Project\db-qlsv-theohetinchi\QLDSV_HQT_DBMS\src\QLDSV_HTC.Web\QLDSV_HTC.Web.csproj]
D:\0 Project\db-qlsv-theohetinchi\QLDSV_HQT_DBMS\src\QLDSV_HTC.Web\Views\Shared\_FormModalWrapper.cshtml(58,49): warning CS8625: Cannot convert null literal to non-nullable reference type. [D:\0 Project\db-qlsv-theohetinchi\QLDSV_HQT_DBMS\src\QLDSV_HTC.Web\QLDSV_HTC.Web.csproj]
D:\0 Project\db-qlsv-theohetinchi\QLDSV_HQT_DBMS\src\QLDSV_HTC.Web\Models\SubjectViewModel.cs(22,20): warning S6964: Value type property used as input in a controller action should be nullable, required or annotated with the JsonRequiredAttribute to avoid under-posting. (https://rules.sonarsource.com/csharp/RSPEC-6964) [D:\0 Project\db-qlsv-theohetinchi\QLDSV_HQT_DBMS\src\QLDSV_HTC.Web\QLDSV_HTC.Web.csproj]
D:\0 Project\db-qlsv-theohetinchi\QLDSV_HQT_DBMS\src\QLDSV_HTC.Web\Models\SubjectViewModel.cs(23,20): warning S6964: Value type property used as input in a controller action should be nullable, required or annotated with the JsonRequiredAttribute to avoid under-posting. (https://rules.sonarsource.com/csharp/RSPEC-6964) [D:\0 Project\db-qlsv-theohetinchi\QLDSV_HQT_DBMS\src\QLDSV_HTC.Web\QLDSV_HTC.Web.csproj]
D:\0 Project\db-qlsv-theohetinchi\QLDSV_HQT_DBMS\src\QLDSV_HTC.Web\Models\StudentViewModel.cs(30,21): warning S6964: Value type property used as input in a controller action should be nullable, required or annotated with the JsonRequiredAttribute to avoid under-posting. (https://rules.sonarsource.com/csharp/RSPEC-6964) [D:\0 Project\db-qlsv-theohetinchi\QLDSV_HQT_DBMS\src\QLDSV_HTC.Web\QLDSV_HTC.Web.csproj]
D:\0 Project\db-qlsv-theohetinchi\QLDSV_HQT_DBMS\src\QLDSV_HTC.Web\Models\StudentViewModel.cs(34,21): warning S6964: Value type property used as input in a controller action should be nullable, required or annotated with the JsonRequiredAttribute to avoid under-posting. (https://rules.sonarsource.com/csharp/RSPEC-6964) [D:\0 Project\db-qlsv-theohetinchi\QLDSV_HQT_DBMS\src\QLDSV_HTC.Web\QLDSV_HTC.Web.csproj]
D:\0 Project\db-qlsv-theohetinchi\QLDSV_HQT_DBMS\src\QLDSV_HTC.Web\Views\Class\_ClassFormModal.cshtml(5,9): warning S1481: Remove the unused local variable 'isPGV'. (https://rules.sonarsource.com/csharp/RSPEC-1481) [D:\0 Project\db-qlsv-theohetinchi\QLDSV_HQT_DBMS\src\QLDSV_HTC.Web\QLDSV_HTC.Web.csproj]
D:\0 Project\db-qlsv-theohetinchi\QLDSV_HQT_DBMS\src\QLDSV_HTC.Web\Views\Subject\_SubjectTable.cshtml(14,81): error CS1061: 'SubjectManagementViewModel' does not contain a definition for 'SearchTerm' and no accessible extension method 'SearchTerm' accepting a first argument of type 'SubjectManagementViewModel' could be found (are you missing a using directive or an assembly reference?) [D:\0 Project\db-qlsv-theohetinchi\QLDSV_HQT_DBMS\src\QLDSV_HTC.Web\QLDSV_HTC.Web.csproj]
    15 Warning(s)
    1 Error(s)

Time Elapsed 00:00:03.87
